# JRE version: OpenJDK Runtime Environment (17.0.6) (build 17.0.6+0-b2043.56-10027231)
# Java VM: OpenJDK 64-Bit Server VM (17.0.6+0-b2043.56-10027231, mixed mode, tiered, compressed oops, compressed class ptrs, g1 gc, windows-amd64)
GC Precious Log:
 CPUs: 4 total, 4 available
 Memory: 8072M
 Large Page Support: Disabled
 NUMA Support: Disabled
 Compressed Oops: Enabled (32-bit)
 Heap Region Size: 1M
 Heap Min Capacity: 8M
 Heap Initial Capacity: 128M
 Heap Max Capacity: 2G
 Pre-touch: Disabled
 Parallel Workers: 4
 Concurrent Workers: 1
 Concurrent Refinement Workers: 4
 Periodic GC: Disabled
Heap:
 garbage-first heap   total 386048K, used 240250K [0x0000000080000000, 0x0000000100000000)
  region size 1024K, 26 young (26624K), 11 survivors (11264K)
 Metaspace       used 144087K, committed 145408K, reserved 1179648K
  class space    used 19470K, committed 20096K, reserved 1048576K
GC Heap History (20 events):
Event: 99.151 GC heap before
{Heap before GC invocations=98 (full 0):
 garbage-first heap   total 348160K, used 297442K [0x0000000080000000, 0x0000000100000000)
  region size 1024K, 100 young (102400K), 3 survivors (3072K)
 Metaspace       used 124597K, committed 125504K, reserved 1163264K
  class space    used 17167K, committed 17600K, reserved 1048576K
}
Event: 99.168 GC heap after
{Heap after GC invocations=99 (full 0):
 garbage-first heap   total 348160K, used 202845K [0x0000000080000000, 0x0000000100000000)
  region size 1024K, 9 young (9216K), 9 survivors (9216K)
 Metaspace       used 124597K, committed 125504K, reserved 1163264K
  class space    used 17167K, committed 17600K, reserved 1048576K
}
Event: 99.231 GC heap before
{Heap before GC invocations=99 (full 0):
 garbage-first heap   total 348160K, used 210013K [0x0000000080000000, 0x0000000100000000)
  region size 1024K, 17 young (17408K), 9 survivors (9216K)
 Metaspace       used 124604K, committed 125568K, reserved 1163264K
  class space    used 17167K, committed 17600K, reserved 1048576K
}
Event: 99.245 GC heap after
{Heap after GC invocations=100 (full 0):
 garbage-first heap   total 348160K, used 201470K [0x0000000080000000, 0x0000000100000000)
  region size 1024K, 1 young (1024K), 1 survivors (1024K)
 Metaspace       used 124604K, committed 125568K, reserved 1163264K
  class space    used 17167K, committed 17600K, reserved 1048576K
}
Event: 100.264 GC heap before
{Heap before GC invocations=100 (full 0):
 garbage-first heap   total 348160K, used 293630K [0x0000000080000000, 0x0000000100000000)
  region size 1024K, 91 young (93184K), 1 survivors (1024K)
 Metaspace       used 124609K, committed 125568K, reserved 1163264K
  class space    used 17167K, committed 17600K, reserved 1048576K
}
Event: 100.267 GC heap after
{Heap after GC invocations=101 (full 0):
 garbage-first heap   total 348160K, used 200942K [0x0000000080000000, 0x0000000100000000)
  region size 1024K, 1 young (1024K), 1 survivors (1024K)
 Metaspace       used 124609K, committed 125568K, reserved 1163264K
  class space    used 17167K, committed 17600K, reserved 1048576K
}
Event: 100.944 GC heap before
{Heap before GC invocations=101 (full 0):
 garbage-first heap   total 348160K, used 297198K [0x0000000080000000, 0x0000000100000000)
  region size 1024K, 95 young (97280K), 1 survivors (1024K)
 Metaspace       used 124627K, committed 125568K, reserved 1163264K
  class space    used 17168K, committed 17600K, reserved 1048576K
}
Event: 100.947 GC heap after
{Heap after GC invocations=102 (full 0):
 garbage-first heap   total 348160K, used 201068K [0x0000000080000000, 0x0000000100000000)
  region size 1024K, 1 young (1024K), 1 survivors (1024K)
 Metaspace       used 124627K, committed 125568K, reserved 1163264K
  class space    used 17168K, committed 17600K, reserved 1048576K
}
Event: 103.595 GC heap before
{Heap before GC invocations=102 (full 0):
 garbage-first heap   total 348160K, used 299372K [0x0000000080000000, 0x0000000100000000)
  region size 1024K, 97 young (99328K), 1 survivors (1024K)
 Metaspace       used 129884K, committed 130816K, reserved 1163264K
  class space    used 17747K, committed 18176K, reserved 1048576K
}
Event: 103.610 GC heap after
{Heap after GC invocations=103 (full 0):
 garbage-first heap   total 348160K, used 205704K [0x0000000080000000, 0x0000000100000000)
  region size 1024K, 8 young (8192K), 8 survivors (8192K)
 Metaspace       used 129884K, committed 130816K, reserved 1163264K
  class space    used 17747K, committed 18176K, reserved 1048576K
}
Event: 107.182 GC heap before
{Heap before GC invocations=104 (full 0):
 garbage-first heap   total 348160K, used 295050K [0x0000000080000000, 0x0000000100000000)
  region size 1024K, 97 young (99328K), 8 survivors (8192K)
 Metaspace       used 130408K, committed 131392K, reserved 1163264K
  class space    used 17792K, committed 18240K, reserved 1048576K
}
Event: 107.200 GC heap after
{Heap after GC invocations=105 (full 0):
 garbage-first heap   total 348160K, used 209036K [0x0000000080000000, 0x0000000100000000)
  region size 1024K, 6 young (6144K), 6 survivors (6144K)
 Metaspace       used 130408K, committed 131392K, reserved 1163264K
  class space    used 17792K, committed 18240K, reserved 1048576K
}
Event: 107.771 GC heap before
{Heap before GC invocations=105 (full 0):
 garbage-first heap   total 348160K, used 219276K [0x0000000080000000, 0x0000000100000000)
  region size 1024K, 17 young (17408K), 6 survivors (6144K)
 Metaspace       used 130634K, committed 131584K, reserved 1163264K
  class space    used 17809K, committed 18240K, reserved 1048576K
}
Event: 107.785 GC heap after
{Heap after GC invocations=106 (full 0):
 garbage-first heap   total 348160K, used 207803K [0x0000000080000000, 0x0000000100000000)
  region size 1024K, 3 young (3072K), 3 survivors (3072K)
 Metaspace       used 130634K, committed 131584K, reserved 1163264K
  class space    used 17809K, committed 18240K, reserved 1048576K
}
Event: 109.602 GC heap before
{Heap before GC invocations=106 (full 0):
 garbage-first heap   total 348160K, used 295867K [0x0000000080000000, 0x0000000100000000)
  region size 1024K, 89 young (91136K), 3 survivors (3072K)
 Metaspace       used 134055K, committed 135168K, reserved 1171456K
  class space    used 18275K, committed 18816K, reserved 1048576K
}
Event: 109.620 GC heap after
{Heap after GC invocations=107 (full 0):
 garbage-first heap   total 348160K, used 213829K [0x0000000080000000, 0x0000000100000000)
  region size 1024K, 9 young (9216K), 9 survivors (9216K)
 Metaspace       used 134055K, committed 135168K, reserved 1171456K
  class space    used 18275K, committed 18816K, reserved 1048576K
}
Event: 1012.051 GC heap before
{Heap before GC invocations=107 (full 0):
 garbage-first heap   total 348160K, used 293701K [0x0000000080000000, 0x0000000100000000)
  region size 1024K, 88 young (90112K), 9 survivors (9216K)
 Metaspace       used 140502K, committed 141696K, reserved 1171456K
  class space    used 18924K, committed 19456K, reserved 1048576K
}
Event: 1012.109 GC heap after
{Heap after GC invocations=108 (full 0):
 garbage-first heap   total 348160K, used 218806K [0x0000000080000000, 0x0000000100000000)
  region size 1024K, 5 young (5120K), 5 survivors (5120K)
 Metaspace       used 140502K, committed 141696K, reserved 1171456K
  class space    used 18924K, committed 19456K, reserved 1048576K
}
Event: 1015.327 GC heap before
{Heap before GC invocations=108 (full 0):
 garbage-first heap   total 348160K, used 295606K [0x0000000080000000, 0x0000000100000000)
  region size 1024K, 81 young (82944K), 5 survivors (5120K)
 Metaspace       used 142716K, committed 144000K, reserved 1179648K
  class space    used 19250K, committed 19840K, reserved 1048576K
}
Event: 1015.360 GC heap after
{Heap after GC invocations=109 (full 0):
 garbage-first heap   total 348160K, used 226938K [0x0000000080000000, 0x0000000100000000)
  region size 1024K, 11 young (11264K), 11 survivors (11264K)
 Metaspace       used 142716K, committed 144000K, reserved 1179648K
  class space    used 19250K, committed 19840K, reserved 1048576K
}

